C51 COMPILER V9.53.0.0   7_SEGMENT_0_9_WITH_SWITCH                                         10/25/2018 13:03:56 PAGE 1   


C51 COMPILER V9.53.0.0, COMPILATION OF MODULE 7_SEGMENT_0_9_WITH_SWITCH
OBJECT MODULE PLACED IN 7_SEGMENT_0-9_WITH_SWITCH.OBJ
COMPILER INVOKED BY: C:\Keil_v5\C51\BIN\C51.EXE 7_SEGMENT_0-9_WITH_SWITCH.c OPTIMIZE(8,SPEED) BROWSE DEBUG OBJECTEXTEND 
                    -TABS(2)

line level    source

   1          #include<reg51.h>
   2          void delay()
   3          {
   4   1        int i,j;
   5   1        for(i=0;i<100;i++)
   6   1          for(j=0;j<1000;j++);
   7   1      }
   8          
   9          char DIG[10] = {0x3f,0x06,0x5b,0x4f,0x66,0x6d,0x7d,0x07,0xff,0x67};     //comman cathode type;
  10          //char DIG[10]={0xC0,0xF9,0xA4,0xB0,0x99,0x92,0x82,0xF8,0x80,0x90};     //comman anode type;
  11          
  12          int Count;
  13          sbit SW = P2^7;
  14          
  15          void main()
  16          {
  17   1        P2 = 0x80;
  18   1        
  19   1        while(1)
  20   1        {
  21   2          if(SW == 0)
  22   2          {
  23   3            P2 = DIG[Count];
  24   3            Count++;
  25   3            if(Count >= 10)
  26   3            {
  27   4              Count = 0;
  28   4            }
  29   3          }
  30   2          else
  31   2            P2^8=1;
*** ERROR C141 IN LINE 31 OF 7_SEGMENT_0-9_WITH_SWITCH.c: syntax error near '='
  32   2        }
  33   1      }

C51 COMPILATION COMPLETE.  0 WARNING(S),  1 ERROR(S)
